<?xml version="1.0" encoding="UTF-8"?>
<!-- Generated by org.testng.reporters.JUnitReportReporter -->
<testsuite hostname="TTNDALAPLIN009" failures="0" tests="1" name="sprinto.HomePage" time="11.596" errors="0" timestamp="2022-09-15T23:42:44 IST" skipped="0">
  <testcase classname="sprinto.HomePage" name="bookingPage" time="11.596"/>
  <system-out/>
</testsuite> <!-- sprinto.HomePage -->
