<?xml version="1.0" encoding="UTF-8"?>
<!-- Generated by org.testng.reporters.JUnitReportReporter -->
<testsuite hostname="TTNDALAPLIN009" failures="0" tests="1" name="testNg.NewDashboard" time="5.902" errors="0" timestamp="2022-08-16T00:05:11 IST" skipped="0">
  <testcase classname="testNg.NewDashboard" name="verifyMenuOpt" time="5.902"/>
  <system-out/>
</testsuite> <!-- testNg.NewDashboard -->
