<?xml version="1.0" encoding="UTF-8"?>
<!-- Generated by org.testng.reporters.JUnitReportReporter -->
<testsuite hostname="TTNDALAPLIN009" failures="0" tests="1" name="testNg.Template" time="0.001" errors="0" timestamp="2022-06-19T11:38:31 IST" skipped="0">
  <testcase classname="testNg.Template" name="addTemplate" time="0.001"/>
  <system-out/>
</testsuite> <!-- testNg.Template -->
