<?xml version="1.0" encoding="UTF-8"?>
<!-- Generated by org.testng.reporters.JUnitReportReporter -->
<testsuite hostname="TTNDALAPLIN009" failures="0" tests="1" name="testNg.AddToCartLoc" time="43.389" errors="0" timestamp="2022-07-31T01:34:31 IST" skipped="0">
  <testcase classname="testNg.AddToCartLoc" name="verifyAddToCart" time="43.389"/>
  <system-out/>
</testsuite> <!-- testNg.AddToCartLoc -->
