<?xml version="1.0" encoding="UTF-8"?>
<!-- Generated by org.testng.reporters.JUnitReportReporter -->
<testsuite hostname="TTNDALAPLIN009" failures="0" tests="1" name="collections.TimeOutDemo" time="28.687" errors="0" timestamp="2022-09-08T01:03:22 IST" skipped="0">
  <testcase classname="collections.TimeOutDemo" name="verifyTimeout" time="28.687"/>
  <system-out/>
</testsuite> <!-- collections.TimeOutDemo -->
