<?xml version="1.0" encoding="UTF-8"?>
<!-- Generated by org.testng.reporters.JUnitReportReporter -->
<testsuite hostname="TTNDALAPLIN009" failures="0" tests="5" name="dataProvider.DPImplementation" time="0.010" errors="0" timestamp="2022-08-31T23:49:00 IST" skipped="0">
  <testcase classname="dataProvider.DPImplementation" name="showData" time="0.006"/>
  <system-out/>
  <testcase classname="dataProvider.DPImplementation" name="showData" time="0.001"/>
  <system-out/>
  <testcase classname="dataProvider.DPImplementation" name="showData" time="0.001"/>
  <system-out/>
  <testcase classname="dataProvider.DPImplementation" name="showData" time="0.001"/>
  <system-out/>
  <testcase classname="dataProvider.DPImplementation" name="showData" time="0.001"/>
  <system-out/>
</testsuite> <!-- dataProvider.DPImplementation -->
