<?xml version="1.0" encoding="UTF-8"?>
<!-- Generated by org.testng.reporters.JUnitReportReporter -->
<testsuite hostname="TTNDALAPLIN009" failures="0" tests="1" name="collections.SetDemo" time="0.008" errors="0" timestamp="2022-07-24T23:25:44 IST" skipped="0">
  <testcase classname="collections.SetDemo" name="getData" time="0.008"/>
  <system-out/>
</testsuite> <!-- collections.SetDemo -->
