<?xml version="1.0" encoding="UTF-8"?>
<!-- Generated by org.testng.reporters.JUnitReportReporter -->
<testsuite hostname="TTNDALAPLIN009" failures="0" tests="1" name="collections.ListDemo" time="17.409" errors="0" timestamp="2022-07-25T01:40:31 IST" skipped="0">
  <testcase classname="collections.ListDemo" name="initilizeBrowser" time="17.409"/>
  <system-out/>
</testsuite> <!-- collections.ListDemo -->
