<?xml version="1.0" encoding="UTF-8"?>
<!-- Generated by org.testng.reporters.JUnitReportReporter -->
<testsuite hostname="TTNDALAPLIN009" failures="0" tests="2" name="collections.MapDemo" time="0.005" errors="0" timestamp="2022-07-25T00:10:10 IST" skipped="1">
  <testcase classname="collections.MapDemo" name="getDetails" time="0.005"/>
  <system-out/>
  <testcase classname="collections.MapDemo" name="getData">
    <skipped/>
  </testcase> <!-- getData -->
  <system-out/>
</testsuite> <!-- collections.MapDemo -->
