<?xml version="1.0" encoding="UTF-8"?>
<!-- Generated by org.testng.reporters.JUnitReportReporter -->
<testsuite hostname="TTNDALAPLIN009" failures="0" tests="1" name="customerListners.BaseTest" time="0.004" errors="0" timestamp="2022-06-19T19:33:40 IST" skipped="0">
  <testcase classname="customerListners.BaseTest" name="wrapperClass" time="0.004"/>
  <system-out/>
</testsuite> <!-- customerListners.BaseTest -->
