<?xml version="1.0" encoding="UTF-8"?>
<!-- Generated by org.testng.reporters.JUnitReportReporter -->
<testsuite hostname="TTNDALAPLIN009" failures="0" tests="1" name="testNg.BrokenLink" time="146.265" errors="0" timestamp="2022-08-01T23:23:29 IST" skipped="0">
  <testcase classname="testNg.BrokenLink" name="verifyBrokenLink" time="146.265"/>
  <system-out/>
</testsuite> <!-- testNg.BrokenLink -->
