<?xml version="1.0" encoding="UTF-8"?>
<!-- Generated by org.testng.reporters.JUnitReportReporter -->
<testsuite hostname="TTNDALAPLIN009" failures="0" tests="3" name="testNg.BaseClass" time="0.011" errors="0" timestamp="2022-06-19T09:43:04 IST" skipped="0">
  <testcase classname="testNg.BaseClass" name="verifyLogin" time="0.007"/>
  <system-out/>
  <testcase classname="testNg.BaseClass" name="verifyLoginErrVald" time="0.003"/>
  <system-out/>
  <testcase classname="testNg.BaseClass" name="verifyLoginSuccVald" time="0.001"/>
  <system-out/>
</testsuite> <!-- testNg.BaseClass -->
