<?xml version="1.0" encoding="UTF-8"?>
<!-- Generated by org.testng.reporters.JUnitReportReporter -->
<testsuite hostname="TTNDALAPLIN009" failures="0" tests="1" name="testNg.AddToCart" time="79.894" errors="0" timestamp="2022-07-31T00:38:01 IST" skipped="0">
  <testcase classname="testNg.AddToCart" name="verifyAddToCart" time="79.894"/>
  <system-out/>
</testsuite> <!-- testNg.AddToCart -->
