<?xml version="1.0" encoding="UTF-8"?>
<!-- Generated by org.testng.reporters.JUnitReportReporter -->
<testsuite hostname="TTNDALAPLIN009" failures="0" tests="1" name="testNg.Campaign" time="0.004" errors="0" timestamp="2022-06-19T11:38:31 IST" skipped="0">
  <testcase classname="testNg.Campaign" name="addCampaign" time="0.004"/>
  <system-out/>
</testsuite> <!-- testNg.Campaign -->
