<?xml version="1.0" encoding="UTF-8"?>
<!-- Generated by org.testng.reporters.JUnitReportReporter -->
<testsuite hostname="TTNDALAPLIN009" failures="0" tests="2" name="regression.Testcase1" time="0.008" errors="0" timestamp="2022-04-17T01:45:21 IST" skipped="0">
  <testcase classname="regression.Testcase1" name="doUserReg" time="0.006"/>
  <system-out/>
  <testcase classname="regression.Testcase1" name="doUserLog" time="0.002"/>
  <system-out/>
</testsuite> <!-- regression.Testcase1 -->
