<?xml version="1.0" encoding="UTF-8"?>
<!-- Generated by org.testng.reporters.JUnitReportReporter -->
<testsuite hostname="TTNDALAPLIN009" failures="0" tests="1" name="dataProvider.LoginFunctionality" time="8.157" errors="0" timestamp="2022-08-15T07:08:16 IST" skipped="0">
  <testcase classname="dataProvider.LoginFunctionality" name="verifyLogin" time="8.157"/>
  <system-out/>
</testsuite> <!-- dataProvider.LoginFunctionality -->
